[2023-07-02T09:50:06.111588+02:00] history.INFO: 2023-07-02 09:50:06 : Un nouveau parrain/marraine vient de s'inscrire ( Tristan Patyy ). [] []
[2023-07-02T10:02:39.981644+02:00] history.INFO: 2023-07-02 10:02:39 : Un nouveau parrain/marraine vient de s'inscrire ( Tristan Patyy ). [] []
[2023-07-02T10:12:52.211205+02:00] history.INFO: 2023-07-02 10:12:52 : Un nouveau parrain/marraine vient de s'inscrire ( Tristan Patyy ). [] []
[2023-07-02T10:19:04.867376+02:00] history.INFO: 2023-07-02 10:19:04 : Un nouveau parrain/marraine vient de s'inscrire ( Tristan Patyy ). [] []
[2023-07-02T10:19:10.957057+02:00] history.INFO: 2023-07-02 10:19:10 : Un nouveau étudiant/étudiante vient de s'inscrire ( Tristan Paty ). [] []
[2023-07-02T10:20:01.391506+02:00] history.INFO: 2023-07-02 10:20:01 : Un email à été envoyé à l'utilisateurTristan Patyy [] []
[2023-07-02T10:20:01.391873+02:00] history.INFO: 2023-07-02 10:20:01Un email à été envoyé à l'utilisateurTristan Paty [] []
[2023-07-02T10:25:17.192973+02:00] history.INFO: 2023-07-02 10:25:17 : Un nouveau étudiant/étudiante vient de s'inscrire ( Tristan Paty ). [] []
[2023-07-02T10:25:29.788160+02:00] history.INFO: 2023-07-02 10:25:29 : Un match entre le parrain Tristan et l'étudiant Patyya été validé par admin. [] []
[2023-07-02T10:25:29.788553+02:00] history.INFO: 2023-07-02 10:25:29 : Un email à été envoyé à l'utilisateur Tristan Patyy. [] []
[2023-07-02T10:25:29.788685+02:00] history.INFO: 2023-07-02 10:25:29Un email à été envoyé à l'utilisateur Tristan Paty. [] []
[2023-07-02T11:16:12.124516+02:00] history.INFO: 2023-07-02 11:16:12 : Un nouveau étudiant/étudiante vient de s'inscrire ( Tristan Patttty ). [] []
[2023-07-02T11:59:02.685771+02:00] history.INFO: 2023-07-02 11:59:02 : Un nouveau étudiant/étudiante vient de s'inscrire ( Tristan Patttty ). [] []
[2023-07-02T11:59:04.374467+02:00] history.INFO: 2023-07-02 11:59:04 : Un nouveau étudiant/étudiante vient de s'inscrire ( Tristan Patttty ). [] []
[2023-07-02T11:59:06.611414+02:00] history.INFO: 2023-07-02 11:59:06 : Un nouveau étudiant/étudiante vient de s'inscrire ( Tristan Patttty ). [] []
[2023-07-02T11:59:08.591790+02:00] history.INFO: 2023-07-02 11:59:08 : Un nouveau étudiant/étudiante vient de s'inscrire ( Tristan Patttty ). [] []
[2023-07-02T11:59:10.210539+02:00] history.INFO: 2023-07-02 11:59:10 : Un nouveau étudiant/étudiante vient de s'inscrire ( Tristan Patttty ). [] []
[2023-07-02T11:59:11.848609+02:00] history.INFO: 2023-07-02 11:59:11 : Un nouveau étudiant/étudiante vient de s'inscrire ( Tristan Patttty ). [] []
[2023-07-02T12:03:58.695842+02:00] history.INFO: 2023-07-02 12:03:58 : Un nouveau parrain/marraine vient de s'inscrire ( Tristan Patyy ). [] []
[2023-07-02T12:04:02.509221+02:00] history.INFO: 2023-07-02 12:04:02 : Un match entre le parrain Tristan et l'étudiant Patyya été validé par admin. [] []
[2023-07-02T12:04:02.509417+02:00] history.INFO: 2023-07-02 12:04:02 : Un email à été envoyé à l'utilisateur Tristan Patyy. [] []
[2023-07-02T12:04:02.509479+02:00] history.INFO: 2023-07-02 12:04:02 : Un email à été envoyé à l'utilisateur Tristan Patttty. [] []
[2023-07-02T12:04:44.483745+02:00] history.INFO: 2023-07-02 12:04:44 : Un match entre le parrain Tristan et l'étudiant Patyya été validé par admin. [] []
[2023-07-02T12:04:44.483978+02:00] history.INFO: 2023-07-02 12:04:44 : Un email à été envoyé à l'utilisateur Tristan Patyy. [] []
[2023-07-02T12:04:44.484056+02:00] history.INFO: 2023-07-02 12:04:44 : Un email à été envoyé à l'utilisateur Tristan Patttty. [] []
[2023-07-02T12:11:22.317123+02:00] history.INFO: 2023-07-02 12:11:22 : Un nouveau étudiant/étudiante vient de s'inscrire ( Tristan Pattttyyy ). [] []
[2023-07-02T12:11:26.418658+02:00] history.INFO: 2023-07-02 12:11:26 : Un nouveau parrain/marraine vient de s'inscrire ( Tristan Pattttyy ). [] []
[2023-07-02T12:11:43.800837+02:00] history.INFO: 2023-07-02 12:11:43 : Un nouveau étudiant/étudiante vient de s'inscrire ( Tristan Pattttyyy ). [] []
[2023-07-02T12:11:51.384349+02:00] history.INFO: 2023-07-02 12:11:51 : Un match entre le parrain Tristan et l'étudiant Patyya été validé par admin. [] []
[2023-07-02T12:11:51.384786+02:00] history.INFO: 2023-07-02 12:11:51 : Un email à été envoyé à l'utilisateur Tristan Patyy. [] []
[2023-07-02T12:11:51.384923+02:00] history.INFO: 2023-07-02 12:11:51 : Un email à été envoyé à l'utilisateur Tristan Pattttyyy. [] []
[2023-07-02T12:14:44.144736+02:00] history.INFO: 2023-07-02 12:14:44 : Un nouveau parrain/marraine vient de s'inscrire ( Tristan Pattttyy ). [] []
[2023-07-02T12:14:47.470115+02:00] history.INFO: 2023-07-02 12:14:47 : Un nouveau étudiant/étudiante vient de s'inscrire ( Tristan Pattttyyy ). [] []
[2023-07-02T12:15:03.547059+02:00] history.INFO: 2023-07-02 12:15:03 : Un match entre le parrain Tristan et l'étudiant Pattttyya été validé par admin. [] []
[2023-07-02T12:15:03.547305+02:00] history.INFO: 2023-07-02 12:15:03 : Un email à été envoyé à l'utilisateur Tristan Pattttyy. [] []
[2023-07-02T12:15:03.547380+02:00] history.INFO: 2023-07-02 12:15:03 : Un email à été envoyé à l'utilisateur Tristan Pattttyyy. [] []
